# JRE version: OpenJDK Runtime Environment Temurin-17.0.12+7 (17.0.12+7) (build 17.0.12+7)
# Java VM: OpenJDK 64-Bit Server VM Temurin-17.0.12+7 (17.0.12+7, mixed mode, tiered, compressed oops, compressed class ptrs, parallel gc, bsd-amd64)
GC Precious Log:
 CPUs: 4 total, 4 available
 Memory: 8192M
 Large Page Support: Disabled
 NUMA Support: Disabled
 Compressed Oops: Enabled (Zero based)
 Alignments: Space 512K, Generation 512K, Heap 2M
 Heap Min Capacity: 100M
 Heap Initial Capacity: 100M
 Heap Max Capacity: 1G
 Pre-touch: Disabled
 Parallel Workers: 4
Heap:
 PSYoungGen      total 24064K, used 10732K [0x00000007eab00000, 0x00000007ec880000, 0x0000000800000000)
  eden space 19968K, 33% used [0x00000007eab00000,0x00000007eb1a1158,0x00000007ebe80000)
  from space 4096K, 96% used [0x00000007ec080000,0x00000007ec459eb8,0x00000007ec480000)
  to   space 4096K, 0% used [0x00000007ec480000,0x00000007ec480000,0x00000007ec880000)
 ParOldGen       total 119808K, used 99886K [0x00000007c0000000, 0x00000007c7500000, 0x00000007eab00000)
  object space 119808K, 83% used [0x00000007c0000000,0x00000007c618bbe0,0x00000007c7500000)
 Metaspace       used 70780K, committed 72000K, reserved 1114112K
  class space    used 8293K, committed 8832K, reserved 1048576K
GC Heap History (20 events):
Event: 147.145 GC heap before
{Heap before GC invocations=76 (full 5):
 PSYoungGen      total 22528K, used 22453K [0x00000007eab00000, 0x00000007ec500000, 0x0000000800000000)
  eden space 20480K, 99% used [0x00000007eab00000,0x00000007ebef1488,0x00000007ebf00000)
  from space 2048K, 99% used [0x00000007ec300000,0x00000007ec4fc208,0x00000007ec500000)
  to   space 2560K, 0% used [0x00000007ec000000,0x00000007ec000000,0x00000007ec280000)
 ParOldGen       total 101376K, used 75045K [0x00000007c0000000, 0x00000007c6300000, 0x00000007eab00000)
  object space 101376K, 74% used [0x00000007c0000000,0x00000007c4949550,0x00000007c6300000)
 Metaspace       used 70296K, committed 71488K, reserved 1114112K
  class space    used 8260K, committed 8768K, reserved 1048576K
}
Event: 147.150 GC heap after
{Heap after GC invocations=76 (full 5):
 PSYoungGen      total 23040K, used 2528K [0x00000007eab00000, 0x00000007ecb00000, 0x0000000800000000)
  eden space 20480K, 0% used [0x00000007eab00000,0x00000007eab00000,0x00000007ebf00000)
  from space 2560K, 98% used [0x00000007ec000000,0x00000007ec278260,0x00000007ec280000)
  to   space 6144K, 0% used [0x00000007ec500000,0x00000007ec500000,0x00000007ecb00000)
 ParOldGen       total 101376K, used 77685K [0x00000007c0000000, 0x00000007c6300000, 0x00000007eab00000)
  object space 101376K, 76% used [0x00000007c0000000,0x00000007c4bdd578,0x00000007c6300000)
 Metaspace       used 70296K, committed 71488K, reserved 1114112K
  class space    used 8260K, committed 8768K, reserved 1048576K
}
Event: 158.406 GC heap before
{Heap before GC invocations=77 (full 5):
 PSYoungGen      total 23040K, used 23008K [0x00000007eab00000, 0x00000007ecb00000, 0x0000000800000000)
  eden space 20480K, 100% used [0x00000007eab00000,0x00000007ebf00000,0x00000007ebf00000)
  from space 2560K, 98% used [0x00000007ec000000,0x00000007ec278260,0x00000007ec280000)
  to   space 6144K, 0% used [0x00000007ec500000,0x00000007ec500000,0x00000007ecb00000)
 ParOldGen       total 101376K, used 77685K [0x00000007c0000000, 0x00000007c6300000, 0x00000007eab00000)
  object space 101376K, 76% used [0x00000007c0000000,0x00000007c4bdd578,0x00000007c6300000)
 Metaspace       used 70297K, committed 71488K, reserved 1114112K
  class space    used 8260K, committed 8768K, reserved 1048576K
}
Event: 158.418 GC heap after
{Heap after GC invocations=77 (full 5):
 PSYoungGen      total 24576K, used 3965K [0x00000007eab00000, 0x00000007ec900000, 0x0000000800000000)
  eden space 20480K, 0% used [0x00000007eab00000,0x00000007eab00000,0x00000007ebf00000)
  from space 4096K, 96% used [0x00000007ec500000,0x00000007ec8df788,0x00000007ec900000)
  to   space 4608K, 0% used [0x00000007ec000000,0x00000007ec000000,0x00000007ec480000)
 ParOldGen       total 101376K, used 80114K [0x00000007c0000000, 0x00000007c6300000, 0x00000007eab00000)
  object space 101376K, 79% used [0x00000007c0000000,0x00000007c4e3c9f8,0x00000007c6300000)
 Metaspace       used 70297K, committed 71488K, reserved 1114112K
  class space    used 8260K, committed 8768K, reserved 1048576K
}
Event: 177.120 GC heap before
{Heap before GC invocations=78 (full 5):
 PSYoungGen      total 24576K, used 24445K [0x00000007eab00000, 0x00000007ec900000, 0x0000000800000000)
  eden space 20480K, 100% used [0x00000007eab00000,0x00000007ebf00000,0x00000007ebf00000)
  from space 4096K, 96% used [0x00000007ec500000,0x00000007ec8df788,0x00000007ec900000)
  to   space 4608K, 0% used [0x00000007ec000000,0x00000007ec000000,0x00000007ec480000)
 ParOldGen       total 101376K, used 80114K [0x00000007c0000000, 0x00000007c6300000, 0x00000007eab00000)
  object space 101376K, 79% used [0x00000007c0000000,0x00000007c4e3c9f8,0x00000007c6300000)
 Metaspace       used 70326K, committed 71488K, reserved 1114112K
  class space    used 8261K, committed 8768K, reserved 1048576K
}
Event: 177.125 GC heap after
{Heap after GC invocations=78 (full 5):
 PSYoungGen      total 25088K, used 4581K [0x00000007eab00000, 0x00000007ed100000, 0x0000000800000000)
  eden space 20480K, 0% used [0x00000007eab00000,0x00000007eab00000,0x00000007ebf00000)
  from space 4608K, 99% used [0x00000007ec000000,0x00000007ec479518,0x00000007ec480000)
  to   space 9216K, 0% used [0x00000007ec800000,0x00000007ec800000,0x00000007ed100000)
 ParOldGen       total 101376K, used 83718K [0x00000007c0000000, 0x00000007c6300000, 0x00000007eab00000)
  object space 101376K, 82% used [0x00000007c0000000,0x00000007c51c1958,0x00000007c6300000)
 Metaspace       used 70326K, committed 71488K, reserved 1114112K
  class space    used 8261K, committed 8768K, reserved 1048576K
}
Event: 190.028 GC heap before
{Heap before GC invocations=79 (full 5):
 PSYoungGen      total 25088K, used 25061K [0x00000007eab00000, 0x00000007ed100000, 0x0000000800000000)
  eden space 20480K, 100% used [0x00000007eab00000,0x00000007ebf00000,0x00000007ebf00000)
  from space 4608K, 99% used [0x00000007ec000000,0x00000007ec479518,0x00000007ec480000)
  to   space 9216K, 0% used [0x00000007ec800000,0x00000007ec800000,0x00000007ed100000)
 ParOldGen       total 101376K, used 83718K [0x00000007c0000000, 0x00000007c6300000, 0x00000007eab00000)
  object space 101376K, 82% used [0x00000007c0000000,0x00000007c51c1958,0x00000007c6300000)
 Metaspace       used 70327K, committed 71488K, reserved 1114112K
  class space    used 8261K, committed 8768K, reserved 1048576K
}
Event: 190.038 GC heap after
{Heap after GC invocations=79 (full 5):
 PSYoungGen      total 25088K, used 4295K [0x00000007eab00000, 0x00000007ecc80000, 0x0000000800000000)
  eden space 20480K, 0% used [0x00000007eab00000,0x00000007eab00000,0x00000007ebf00000)
  from space 4608K, 93% used [0x00000007ec800000,0x00000007ecc31fc0,0x00000007ecc80000)
  to   space 6144K, 0% used [0x00000007ec080000,0x00000007ec080000,0x00000007ec680000)
 ParOldGen       total 101376K, used 88175K [0x00000007c0000000, 0x00000007c6300000, 0x00000007eab00000)
  object space 101376K, 86% used [0x00000007c0000000,0x00000007c561bfe8,0x00000007c6300000)
 Metaspace       used 70327K, committed 71488K, reserved 1114112K
  class space    used 8261K, committed 8768K, reserved 1048576K
}
Event: 198.154 GC heap before
{Heap before GC invocations=80 (full 5):
 PSYoungGen      total 25088K, used 24775K [0x00000007eab00000, 0x00000007ecc80000, 0x0000000800000000)
  eden space 20480K, 100% used [0x00000007eab00000,0x00000007ebf00000,0x00000007ebf00000)
  from space 4608K, 93% used [0x00000007ec800000,0x00000007ecc31fc0,0x00000007ecc80000)
  to   space 6144K, 0% used [0x00000007ec080000,0x00000007ec080000,0x00000007ec680000)
 ParOldGen       total 101376K, used 88175K [0x00000007c0000000, 0x00000007c6300000, 0x00000007eab00000)
  object space 101376K, 86% used [0x00000007c0000000,0x00000007c561bfe8,0x00000007c6300000)
 Metaspace       used 70330K, committed 71488K, reserved 1114112K
  class space    used 8261K, committed 8768K, reserved 1048576K
}
Event: 198.171 GC heap after
{Heap after GC invocations=80 (full 5):
 PSYoungGen      total 26624K, used 6118K [0x00000007eab00000, 0x00000007ecf00000, 0x0000000800000000)
  eden space 20480K, 0% used [0x00000007eab00000,0x00000007eab00000,0x00000007ebf00000)
  from space 6144K, 99% used [0x00000007ec080000,0x00000007ec679b50,0x00000007ec680000)
  to   space 8192K, 0% used [0x00000007ec700000,0x00000007ec700000,0x00000007ecf00000)
 ParOldGen       total 101376K, used 89493K [0x00000007c0000000, 0x00000007c6300000, 0x00000007eab00000)
  object space 101376K, 88% used [0x00000007c0000000,0x00000007c57656f8,0x00000007c6300000)
 Metaspace       used 70330K, committed 71488K, reserved 1114112K
  class space    used 8261K, committed 8768K, reserved 1048576K
}
Event: 198.798 GC heap before
{Heap before GC invocations=81 (full 5):
 PSYoungGen      total 26624K, used 26598K [0x00000007eab00000, 0x00000007ecf00000, 0x0000000800000000)
  eden space 20480K, 100% used [0x00000007eab00000,0x00000007ebf00000,0x00000007ebf00000)
  from space 6144K, 99% used [0x00000007ec080000,0x00000007ec679b50,0x00000007ec680000)
  to   space 8192K, 0% used [0x00000007ec700000,0x00000007ec700000,0x00000007ecf00000)
 ParOldGen       total 101376K, used 89493K [0x00000007c0000000, 0x00000007c6300000, 0x00000007eab00000)
  object space 101376K, 88% used [0x00000007c0000000,0x00000007c57656f8,0x00000007c6300000)
 Metaspace       used 70633K, committed 71872K, reserved 1114112K
  class space    used 8283K, committed 8832K, reserved 1048576K
}
Event: 198.814 GC heap after
{Heap after GC invocations=81 (full 5):
 PSYoungGen      total 23552K, used 2892K [0x00000007eab00000, 0x00000007eca00000, 0x0000000800000000)
  eden space 20480K, 0% used [0x00000007eab00000,0x00000007eab00000,0x00000007ebf00000)
  from space 3072K, 94% used [0x00000007ec700000,0x00000007ec9d32a8,0x00000007eca00000)
  to   space 4608K, 0% used [0x00000007ec100000,0x00000007ec100000,0x00000007ec580000)
 ParOldGen       total 101376K, used 95596K [0x00000007c0000000, 0x00000007c6300000, 0x00000007eab00000)
  object space 101376K, 94% used [0x00000007c0000000,0x00000007c5d5b180,0x00000007c6300000)
 Metaspace       used 70633K, committed 71872K, reserved 1114112K
  class space    used 8283K, committed 8832K, reserved 1048576K
}
Event: 198.814 GC heap before
{Heap before GC invocations=82 (full 6):
 PSYoungGen      total 23552K, used 2892K [0x00000007eab00000, 0x00000007eca00000, 0x0000000800000000)
  eden space 20480K, 0% used [0x00000007eab00000,0x00000007eab00000,0x00000007ebf00000)
  from space 3072K, 94% used [0x00000007ec700000,0x00000007ec9d32a8,0x00000007eca00000)
  to   space 4608K, 0% used [0x00000007ec100000,0x00000007ec100000,0x00000007ec580000)
 ParOldGen       total 101376K, used 95596K [0x00000007c0000000, 0x00000007c6300000, 0x00000007eab00000)
  object space 101376K, 94% used [0x00000007c0000000,0x00000007c5d5b180,0x00000007c6300000)
 Metaspace       used 70633K, committed 71872K, reserved 1114112K
  class space    used 8283K, committed 8832K, reserved 1048576K
}
Event: 199.190 GC heap after
{Heap after GC invocations=82 (full 6):
 PSYoungGen      total 20992K, used 0K [0x00000007eab00000, 0x00000007ec800000, 0x0000000800000000)
  eden space 20480K, 0% used [0x00000007eab00000,0x00000007eab00000,0x00000007ebf00000)
  from space 512K, 0% used [0x00000007ec100000,0x00000007ec100000,0x00000007ec180000)
  to   space 4608K, 0% used [0x00000007ec380000,0x00000007ec380000,0x00000007ec800000)
 ParOldGen       total 119808K, used 88715K [0x00000007c0000000, 0x00000007c7500000, 0x00000007eab00000)
  object space 119808K, 74% used [0x00000007c0000000,0x00000007c56a2d98,0x00000007c7500000)
 Metaspace       used 70633K, committed 71872K, reserved 1114112K
  class space    used 8283K, committed 8832K, reserved 1048576K
}
Event: 199.307 GC heap before
{Heap before GC invocations=83 (full 6):
 PSYoungGen      total 20992K, used 20480K [0x00000007eab00000, 0x00000007ec800000, 0x0000000800000000)
  eden space 20480K, 100% used [0x00000007eab00000,0x00000007ebf00000,0x00000007ebf00000)
  from space 512K, 0% used [0x00000007ec100000,0x00000007ec100000,0x00000007ec180000)
  to   space 4608K, 0% used [0x00000007ec380000,0x00000007ec380000,0x00000007ec800000)
 ParOldGen       total 119808K, used 88715K [0x00000007c0000000, 0x00000007c7500000, 0x00000007eab00000)
  object space 119808K, 74% used [0x00000007c0000000,0x00000007c56a2d98,0x00000007c7500000)
 Metaspace       used 70718K, committed 71936K, reserved 1114112K
  class space    used 8291K, committed 8832K, reserved 1048576K
}
Event: 199.335 GC heap after
{Heap after GC invocations=83 (full 6):
 PSYoungGen      total 24576K, used 4427K [0x00000007eab00000, 0x00000007ec900000, 0x0000000800000000)
  eden space 19968K, 0% used [0x00000007eab00000,0x00000007eab00000,0x00000007ebe80000)
  from space 4608K, 96% used [0x00000007ec380000,0x00000007ec7d2e38,0x00000007ec800000)
  to   space 5120K, 0% used [0x00000007ebe80000,0x00000007ebe80000,0x00000007ec380000)
 ParOldGen       total 119808K, used 88723K [0x00000007c0000000, 0x00000007c7500000, 0x00000007eab00000)
  object space 119808K, 74% used [0x00000007c0000000,0x00000007c56a4d98,0x00000007c7500000)
 Metaspace       used 70718K, committed 71936K, reserved 1114112K
  class space    used 8291K, committed 8832K, reserved 1048576K
}
Event: 199.609 GC heap before
{Heap before GC invocations=84 (full 6):
 PSYoungGen      total 24576K, used 24395K [0x00000007eab00000, 0x00000007ec900000, 0x0000000800000000)
  eden space 19968K, 100% used [0x00000007eab00000,0x00000007ebe80000,0x00000007ebe80000)
  from space 4608K, 96% used [0x00000007ec380000,0x00000007ec7d2e38,0x00000007ec800000)
  to   space 5120K, 0% used [0x00000007ebe80000,0x00000007ebe80000,0x00000007ec380000)
 ParOldGen       total 119808K, used 88723K [0x00000007c0000000, 0x00000007c7500000, 0x00000007eab00000)
  object space 119808K, 74% used [0x00000007c0000000,0x00000007c56a4d98,0x00000007c7500000)
 Metaspace       used 70772K, committed 72000K, reserved 1114112K
  class space    used 8293K, committed 8832K, reserved 1048576K
}
Event: 199.621 GC heap after
{Heap after GC invocations=84 (full 6):
 PSYoungGen      total 25088K, used 5117K [0x00000007eab00000, 0x00000007ed080000, 0x0000000800000000)
  eden space 19968K, 0% used [0x00000007eab00000,0x00000007eab00000,0x00000007ebe80000)
  from space 5120K, 99% used [0x00000007ebe80000,0x00000007ec37f7b8,0x00000007ec380000)
  to   space 9216K, 0% used [0x00000007ec780000,0x00000007ec780000,0x00000007ed080000)
 ParOldGen       total 119808K, used 91658K [0x00000007c0000000, 0x00000007c7500000, 0x00000007eab00000)
  object space 119808K, 76% used [0x00000007c0000000,0x00000007c5982a20,0x00000007c7500000)
 Metaspace       used 70772K, committed 72000K, reserved 1114112K
  class space    used 8293K, committed 8832K, reserved 1048576K
}
Event: 199.806 GC heap before
{Heap before GC invocations=85 (full 6):
 PSYoungGen      total 25088K, used 25085K [0x00000007eab00000, 0x00000007ed080000, 0x0000000800000000)
  eden space 19968K, 100% used [0x00000007eab00000,0x00000007ebe80000,0x00000007ebe80000)
  from space 5120K, 99% used [0x00000007ebe80000,0x00000007ec37f7b8,0x00000007ec380000)
  to   space 9216K, 0% used [0x00000007ec780000,0x00000007ec780000,0x00000007ed080000)
 ParOldGen       total 119808K, used 91658K [0x00000007c0000000, 0x00000007c7500000, 0x00000007eab00000)
  object space 119808K, 76% used [0x00000007c0000000,0x00000007c5982a20,0x00000007c7500000)
 Metaspace       used 70773K, committed 72000K, reserved 1114112K
  class space    used 8293K, committed 8832K, reserved 1048576K
}
Event: 199.823 GC heap after
{Heap after GC invocations=85 (full 6):
 PSYoungGen      total 26112K, used 5798K [0x00000007eab00000, 0x00000007ecd80000, 0x0000000800000000)
  eden space 19968K, 0% used [0x00000007eab00000,0x00000007eab00000,0x00000007ebe80000)
  from space 6144K, 94% used [0x00000007ec780000,0x00000007ecd29800,0x00000007ecd80000)
  to   space 6656K, 0% used [0x00000007ec080000,0x00000007ec080000,0x00000007ec700000)
 ParOldGen       total 119808K, used 94290K [0x00000007c0000000, 0x00000007c7500000, 0x00000007eab00000)
  object space 119808K, 78% used [0x00000007c0000000,0x00000007c5c14be0,0x00000007c7500000)
 Metaspace       used 70773K, committed 72000K, reserved 1114112K
  class space    used 8293K, committed 8832K, reserved 1048576K
}

