# JRE version: OpenJDK Runtime Environment Zulu17.48+15-CA (17.0.10+7) (build 17.0.10+7-LTS)
# Java VM: OpenJDK 64-Bit Server VM Zulu17.48+15-CA (17.0.10+7-LTS, mixed mode, sharing, tiered, compressed oops, compressed class ptrs, g1 gc, bsd-amd64)
Heap:
 garbage-first heap   total 262144K, used 56139K [0x00000007e0000000, 0x0000000800000000)
  region size 1024K, 23 young (23552K), 13 survivors (13312K)
 Metaspace       used 60395K, committed 60992K, reserved 393216K
  class space    used 8407K, committed 8704K, reserved 327680K
GC Heap History (14 events):
Event: 1.442 GC heap before
{Heap before GC invocations=0 (full 0):
 garbage-first heap   total 264192K, used 13224K [0x00000007e0000000, 0x0000000800000000)
  region size 1024K, 13 young (13312K), 0 survivors (0K)
 Metaspace       used 1069K, committed 1216K, reserved 393216K
  class space    used 86K, committed 128K, reserved 327680K
}
Event: 1.445 GC heap after
{Heap after GC invocations=1 (full 0):
 garbage-first heap   total 264192K, used 3200K [0x00000007e0000000, 0x0000000800000000)
  region size 1024K, 2 young (2048K), 2 survivors (2048K)
 Metaspace       used 1069K, committed 1216K, reserved 393216K
  class space    used 86K, committed 128K, reserved 327680K
}
Event: 2.344 GC heap before
{Heap before GC invocations=1 (full 0):
 garbage-first heap   total 264192K, used 27776K [0x00000007e0000000, 0x0000000800000000)
  region size 1024K, 23 young (23552K), 2 survivors (2048K)
 Metaspace       used 4072K, committed 4288K, reserved 393216K
  class space    used 525K, committed 640K, reserved 327680K
}
Event: 2.353 GC heap after
{Heap after GC invocations=2 (full 0):
 garbage-first heap   total 264192K, used 12240K [0x00000007e0000000, 0x0000000800000000)
  region size 1024K, 3 young (3072K), 3 survivors (3072K)
 Metaspace       used 4072K, committed 4288K, reserved 393216K
  class space    used 525K, committed 640K, reserved 327680K
}
Event: 2.811 GC heap before
{Heap before GC invocations=2 (full 0):
 garbage-first heap   total 264192K, used 38864K [0x00000007e0000000, 0x0000000800000000)
  region size 1024K, 28 young (28672K), 3 survivors (3072K)
 Metaspace       used 4486K, committed 4672K, reserved 393216K
  class space    used 593K, committed 704K, reserved 327680K
}
Event: 2.818 GC heap after
{Heap after GC invocations=3 (full 0):
 garbage-first heap   total 264192K, used 17497K [0x00000007e0000000, 0x0000000800000000)
  region size 1024K, 4 young (4096K), 4 survivors (4096K)
 Metaspace       used 4486K, committed 4672K, reserved 393216K
  class space    used 593K, committed 704K, reserved 327680K
}
Event: 25.826 GC heap before
{Heap before GC invocations=3 (full 0):
 garbage-first heap   total 264192K, used 116825K [0x00000007e0000000, 0x0000000800000000)
  region size 1024K, 102 young (104448K), 4 survivors (4096K)
 Metaspace       used 21186K, committed 21504K, reserved 393216K
  class space    used 3163K, committed 3328K, reserved 327680K
}
Event: 25.841 GC heap after
{Heap after GC invocations=4 (full 0):
 garbage-first heap   total 264192K, used 24019K [0x00000007e0000000, 0x0000000800000000)
  region size 1024K, 11 young (11264K), 11 survivors (11264K)
 Metaspace       used 21186K, committed 21504K, reserved 393216K
  class space    used 3163K, committed 3328K, reserved 327680K
}
Event: 35.694 GC heap before
{Heap before GC invocations=5 (full 0):
 garbage-first heap   total 262144K, used 138707K [0x00000007e0000000, 0x0000000800000000)
  region size 1024K, 125 young (128000K), 11 survivors (11264K)
 Metaspace       used 35567K, committed 35968K, reserved 393216K
  class space    used 5077K, committed 5312K, reserved 327680K
}
Event: 35.718 GC heap after
{Heap after GC invocations=6 (full 0):
 garbage-first heap   total 262144K, used 33782K [0x00000007e0000000, 0x0000000800000000)
  region size 1024K, 16 young (16384K), 16 survivors (16384K)
 Metaspace       used 35567K, committed 35968K, reserved 393216K
  class space    used 5077K, committed 5312K, reserved 327680K
}
Event: 38.569 GC heap before
{Heap before GC invocations=7 (full 0):
 garbage-first heap   total 262144K, used 173046K [0x00000007e0000000, 0x0000000800000000)
  region size 1024K, 146 young (149504K), 16 survivors (16384K)
 Metaspace       used 50797K, committed 51392K, reserved 393216K
  class space    used 7150K, committed 7424K, reserved 327680K
}
Event: 38.602 GC heap after
{Heap after GC invocations=8 (full 0):
 garbage-first heap   total 262144K, used 39197K [0x00000007e0000000, 0x0000000800000000)
  region size 1024K, 15 young (15360K), 15 survivors (15360K)
 Metaspace       used 50797K, committed 51392K, reserved 393216K
  class space    used 7150K, committed 7424K, reserved 327680K
}
Event: 40.285 GC heap before
{Heap before GC invocations=8 (full 0):
 garbage-first heap   total 262144K, used 79133K [0x00000007e0000000, 0x0000000800000000)
  region size 1024K, 55 young (56320K), 15 survivors (15360K)
 Metaspace       used 59676K, committed 60288K, reserved 393216K
  class space    used 8263K, committed 8576K, reserved 327680K
}
Event: 40.320 GC heap after
{Heap after GC invocations=9 (full 0):
 garbage-first heap   total 262144K, used 46409K [0x00000007e0000000, 0x0000000800000000)
  region size 1024K, 13 young (13312K), 13 survivors (13312K)
 Metaspace       used 59676K, committed 60288K, reserved 393216K
  class space    used 8263K, committed 8576K, reserved 327680K
}

