# JRE version: OpenJDK Runtime Environment Zulu17.48+15-CA (17.0.10+7) (build 17.0.10+7-LTS)
# Java VM: OpenJDK 64-Bit Server VM Zulu17.48+15-CA (17.0.10+7-LTS, mixed mode, sharing, tiered, compressed oops, compressed class ptrs, g1 gc, bsd-amd64)
Heap:
 garbage-first heap   total 262144K, used 145277K [0x00000007e0000000, 0x0000000800000000)
  region size 1024K, 128 young (131072K), 19 survivors (19456K)
 Metaspace       used 48896K, committed 49344K, reserved 393216K
  class space    used 6956K, committed 7168K, reserved 327680K
GC Heap History (10 events):
Event: 0.646 GC heap before
{Heap before GC invocations=0 (full 0):
 garbage-first heap   total 264192K, used 13224K [0x00000007e0000000, 0x0000000800000000)
  region size 1024K, 13 young (13312K), 0 survivors (0K)
 Metaspace       used 1045K, committed 1152K, reserved 393216K
  class space    used 86K, committed 128K, reserved 327680K
}
Event: 0.649 GC heap after
{Heap after GC invocations=1 (full 0):
 garbage-first heap   total 264192K, used 2917K [0x00000007e0000000, 0x0000000800000000)
  region size 1024K, 2 young (2048K), 2 survivors (2048K)
 Metaspace       used 1045K, committed 1152K, reserved 393216K
  class space    used 86K, committed 128K, reserved 327680K
}
Event: 1.276 GC heap before
{Heap before GC invocations=1 (full 0):
 garbage-first heap   total 264192K, used 28517K [0x00000007e0000000, 0x0000000800000000)
  region size 1024K, 24 young (24576K), 2 survivors (2048K)
 Metaspace       used 4043K, committed 4224K, reserved 393216K
  class space    used 525K, committed 640K, reserved 327680K
}
Event: 1.282 GC heap after
{Heap after GC invocations=2 (full 0):
 garbage-first heap   total 264192K, used 11871K [0x00000007e0000000, 0x0000000800000000)
  region size 1024K, 3 young (3072K), 3 survivors (3072K)
 Metaspace       used 4043K, committed 4224K, reserved 393216K
  class space    used 525K, committed 640K, reserved 327680K
}
Event: 2.062 GC heap before
{Heap before GC invocations=2 (full 0):
 garbage-first heap   total 264192K, used 41567K [0x00000007e0000000, 0x0000000800000000)
  region size 1024K, 30 young (30720K), 3 survivors (3072K)
 Metaspace       used 4838K, committed 4992K, reserved 393216K
  class space    used 663K, committed 768K, reserved 327680K
}
Event: 2.069 GC heap after
{Heap after GC invocations=3 (full 0):
 garbage-first heap   total 264192K, used 17315K [0x00000007e0000000, 0x0000000800000000)
  region size 1024K, 4 young (4096K), 4 survivors (4096K)
 Metaspace       used 4838K, committed 4992K, reserved 393216K
  class space    used 663K, committed 768K, reserved 327680K
}
Event: 4.397 GC heap before
{Heap before GC invocations=3 (full 0):
 garbage-first heap   total 264192K, used 115619K [0x00000007e0000000, 0x0000000800000000)
  region size 1024K, 101 young (103424K), 4 survivors (4096K)
 Metaspace       used 21253K, committed 21504K, reserved 393216K
  class space    used 3184K, committed 3328K, reserved 327680K
}
Event: 4.411 GC heap after
{Heap after GC invocations=4 (full 0):
 garbage-first heap   total 264192K, used 23637K [0x00000007e0000000, 0x0000000800000000)
  region size 1024K, 11 young (11264K), 11 survivors (11264K)
 Metaspace       used 21253K, committed 21504K, reserved 393216K
  class space    used 3184K, committed 3328K, reserved 327680K
}
Event: 6.241 GC heap before
{Heap before GC invocations=5 (full 0):
 garbage-first heap   total 262144K, used 145493K [0x00000007e0000000, 0x0000000800000000)
  region size 1024K, 127 young (130048K), 11 survivors (11264K)
 Metaspace       used 35731K, committed 36160K, reserved 393216K
  class space    used 5048K, committed 5248K, reserved 327680K
}
Event: 6.263 GC heap after
{Heap after GC invocations=6 (full 0):
 garbage-first heap   total 262144K, used 32123K [0x00000007e0000000, 0x0000000800000000)
  region size 1024K, 19 young (19456K), 19 survivors (19456K)
 Metaspace       used 35731K, committed 36160K, reserved 393216K
  class space    used 5048K, committed 5248K, reserved 327680K
}

