# JRE version: OpenJDK Runtime Environment Zulu17.48+15-CA (17.0.10+7) (build 17.0.10+7-LTS)
# Java VM: OpenJDK 64-Bit Server VM Zulu17.48+15-CA (17.0.10+7-LTS, mixed mode, sharing, tiered, compressed oops, compressed class ptrs, g1 gc, bsd-amd64)
Heap:
 garbage-first heap   total 262144K, used 141595K [0x00000007e0000000, 0x0000000800000000)
  region size 1024K, 107 young (109568K), 1 survivors (1024K)
 Metaspace       used 48879K, committed 49408K, reserved 393216K
  class space    used 6942K, committed 7168K, reserved 327680K
GC Heap History (14 events):
Event: 0.465 GC heap before
{Heap before GC invocations=0 (full 0):
 garbage-first heap   total 264192K, used 13224K [0x00000007e0000000, 0x0000000800000000)
  region size 1024K, 13 young (13312K), 0 survivors (0K)
 Metaspace       used 1055K, committed 1152K, reserved 393216K
  class space    used 86K, committed 128K, reserved 327680K
}
Event: 0.469 GC heap after
{Heap after GC invocations=1 (full 0):
 garbage-first heap   total 264192K, used 2949K [0x00000007e0000000, 0x0000000800000000)
  region size 1024K, 2 young (2048K), 2 survivors (2048K)
 Metaspace       used 1055K, committed 1152K, reserved 393216K
  class space    used 86K, committed 128K, reserved 327680K
}
Event: 1.638 GC heap before
{Heap before GC invocations=1 (full 0):
 garbage-first heap   total 264192K, used 28549K [0x00000007e0000000, 0x0000000800000000)
  region size 1024K, 24 young (24576K), 2 survivors (2048K)
 Metaspace       used 4059K, committed 4288K, reserved 393216K
  class space    used 525K, committed 640K, reserved 327680K
}
Event: 1.646 GC heap after
{Heap after GC invocations=2 (full 0):
 garbage-first heap   total 264192K, used 11893K [0x00000007e0000000, 0x0000000800000000)
  region size 1024K, 3 young (3072K), 3 survivors (3072K)
 Metaspace       used 4059K, committed 4288K, reserved 393216K
  class space    used 525K, committed 640K, reserved 327680K
}
Event: 2.575 GC heap before
{Heap before GC invocations=2 (full 0):
 garbage-first heap   total 264192K, used 40565K [0x00000007e0000000, 0x0000000800000000)
  region size 1024K, 29 young (29696K), 3 survivors (3072K)
 Metaspace       used 4669K, committed 4928K, reserved 393216K
  class space    used 631K, committed 768K, reserved 327680K
}
Event: 2.580 GC heap after
{Heap after GC invocations=3 (full 0):
 garbage-first heap   total 264192K, used 17102K [0x00000007e0000000, 0x0000000800000000)
  region size 1024K, 4 young (4096K), 4 survivors (4096K)
 Metaspace       used 4669K, committed 4928K, reserved 393216K
  class space    used 631K, committed 768K, reserved 327680K
}
Event: 5.414 GC heap before
{Heap before GC invocations=3 (full 0):
 garbage-first heap   total 264192K, used 116430K [0x00000007e0000000, 0x0000000800000000)
  region size 1024K, 102 young (104448K), 4 survivors (4096K)
 Metaspace       used 21186K, committed 21504K, reserved 393216K
  class space    used 3176K, committed 3328K, reserved 327680K
}
Event: 5.430 GC heap after
{Heap after GC invocations=4 (full 0):
 garbage-first heap   total 264192K, used 23731K [0x00000007e0000000, 0x0000000800000000)
  region size 1024K, 11 young (11264K), 11 survivors (11264K)
 Metaspace       used 21186K, committed 21504K, reserved 393216K
  class space    used 3176K, committed 3328K, reserved 327680K
}
Event: 8.653 GC heap before
{Heap before GC invocations=5 (full 0):
 garbage-first heap   total 262144K, used 138419K [0x00000007e0000000, 0x0000000800000000)
  region size 1024K, 120 young (122880K), 11 survivors (11264K)
 Metaspace       used 35552K, committed 35968K, reserved 393216K
  class space    used 5023K, committed 5248K, reserved 327680K
}
Event: 8.677 GC heap after
{Heap after GC invocations=6 (full 0):
 garbage-first heap   total 262144K, used 31942K [0x00000007e0000000, 0x0000000800000000)
  region size 1024K, 15 young (15360K), 15 survivors (15360K)
 Metaspace       used 35552K, committed 35968K, reserved 393216K
  class space    used 5023K, committed 5248K, reserved 327680K
}
Event: 8.702 GC heap before
{Heap before GC invocations=6 (full 0):
 garbage-first heap   total 262144K, used 32966K [0x00000007e0000000, 0x0000000800000000)
  region size 1024K, 16 young (16384K), 15 survivors (15360K)
 Metaspace       used 35689K, committed 36096K, reserved 393216K
  class space    used 5046K, committed 5248K, reserved 327680K
}
Event: 8.720 GC heap after
{Heap after GC invocations=7 (full 0):
 garbage-first heap   total 262144K, used 32492K [0x00000007e0000000, 0x0000000800000000)
  region size 1024K, 2 young (2048K), 2 survivors (2048K)
 Metaspace       used 35689K, committed 36096K, reserved 393216K
  class space    used 5046K, committed 5248K, reserved 327680K
}
Event: 8.787 GC heap before
{Heap before GC invocations=7 (full 0):
 garbage-first heap   total 262144K, used 39660K [0x00000007e0000000, 0x0000000800000000)
  region size 1024K, 10 young (10240K), 2 survivors (2048K)
 Metaspace       used 35921K, committed 36288K, reserved 393216K
  class space    used 5059K, committed 5248K, reserved 327680K
}
Event: 8.789 GC heap after
{Heap after GC invocations=8 (full 0):
 garbage-first heap   total 262144K, used 31022K [0x00000007e0000000, 0x0000000800000000)
  region size 1024K, 1 young (1024K), 1 survivors (1024K)
 Metaspace       used 35921K, committed 36288K, reserved 393216K
  class space    used 5059K, committed 5248K, reserved 327680K
}

