# JRE version: OpenJDK Runtime Environment Zulu17.48+15-CA (17.0.10+7) (build 17.0.10+7-LTS)
# Java VM: OpenJDK 64-Bit Server VM Zulu17.48+15-CA (17.0.10+7-LTS, mixed mode, sharing, tiered, compressed oops, compressed class ptrs, g1 gc, bsd-amd64)
Heap:
 garbage-first heap   total 262144K, used 68179K [0x00000007e0000000, 0x0000000800000000)
  region size 1024K, 36 young (36864K), 10 survivors (10240K)
 Metaspace       used 60358K, committed 60928K, reserved 393216K
  class space    used 8383K, committed 8640K, reserved 327680K
GC Heap History (16 events):
Event: 0.806 GC heap before
{Heap before GC invocations=0 (full 0):
 garbage-first heap   total 264192K, used 13224K [0x00000007e0000000, 0x0000000800000000)
  region size 1024K, 13 young (13312K), 0 survivors (0K)
 Metaspace       used 1050K, committed 1152K, reserved 393216K
  class space    used 86K, committed 128K, reserved 327680K
}
Event: 0.810 GC heap after
{Heap after GC invocations=1 (full 0):
 garbage-first heap   total 264192K, used 3479K [0x00000007e0000000, 0x0000000800000000)
  region size 1024K, 2 young (2048K), 2 survivors (2048K)
 Metaspace       used 1050K, committed 1152K, reserved 393216K
  class space    used 86K, committed 128K, reserved 327680K
}
Event: 1.912 GC heap before
{Heap before GC invocations=1 (full 0):
 garbage-first heap   total 264192K, used 28055K [0x00000007e0000000, 0x0000000800000000)
  region size 1024K, 23 young (23552K), 2 survivors (2048K)
 Metaspace       used 4062K, committed 4288K, reserved 393216K
  class space    used 525K, committed 640K, reserved 327680K
}
Event: 1.920 GC heap after
{Heap after GC invocations=2 (full 0):
 garbage-first heap   total 264192K, used 12044K [0x00000007e0000000, 0x0000000800000000)
  region size 1024K, 3 young (3072K), 3 survivors (3072K)
 Metaspace       used 4062K, committed 4288K, reserved 393216K
  class space    used 525K, committed 640K, reserved 327680K
}
Event: 39.135 GC heap before
{Heap before GC invocations=2 (full 0):
 garbage-first heap   total 264192K, used 38668K [0x00000007e0000000, 0x0000000800000000)
  region size 1024K, 28 young (28672K), 3 survivors (3072K)
 Metaspace       used 4465K, committed 4672K, reserved 393216K
  class space    used 593K, committed 704K, reserved 327680K
}
Event: 39.151 GC heap after
{Heap after GC invocations=3 (full 0):
 garbage-first heap   total 264192K, used 17320K [0x00000007e0000000, 0x0000000800000000)
  region size 1024K, 4 young (4096K), 4 survivors (4096K)
 Metaspace       used 4465K, committed 4672K, reserved 393216K
  class space    used 593K, committed 704K, reserved 327680K
}
Event: 42.906 GC heap before
{Heap before GC invocations=3 (full 0):
 garbage-first heap   total 264192K, used 116648K [0x00000007e0000000, 0x0000000800000000)
  region size 1024K, 102 young (104448K), 4 survivors (4096K)
 Metaspace       used 21197K, committed 21504K, reserved 393216K
  class space    used 3170K, committed 3328K, reserved 327680K
}
Event: 42.926 GC heap after
{Heap after GC invocations=4 (full 0):
 garbage-first heap   total 264192K, used 23757K [0x00000007e0000000, 0x0000000800000000)
  region size 1024K, 11 young (11264K), 11 survivors (11264K)
 Metaspace       used 21197K, committed 21504K, reserved 393216K
  class space    used 3170K, committed 3328K, reserved 327680K
}
Event: 46.701 GC heap before
{Heap before GC invocations=5 (full 0):
 garbage-first heap   total 262144K, used 144589K [0x00000007e0000000, 0x0000000800000000)
  region size 1024K, 126 young (129024K), 11 survivors (11264K)
 Metaspace       used 35598K, committed 35968K, reserved 393216K
  class space    used 5062K, committed 5248K, reserved 327680K
}
Event: 46.735 GC heap after
{Heap after GC invocations=6 (full 0):
 garbage-first heap   total 262144K, used 35181K [0x00000007e0000000, 0x0000000800000000)
  region size 1024K, 16 young (16384K), 16 survivors (16384K)
 Metaspace       used 35598K, committed 35968K, reserved 393216K
  class space    used 5062K, committed 5248K, reserved 327680K
}
Event: 46.740 GC heap before
{Heap before GC invocations=6 (full 0):
 garbage-first heap   total 262144K, used 35181K [0x00000007e0000000, 0x0000000800000000)
  region size 1024K, 17 young (17408K), 16 survivors (16384K)
 Metaspace       used 35922K, committed 36288K, reserved 393216K
  class space    used 5062K, committed 5248K, reserved 327680K
}
Event: 46.771 GC heap after
{Heap after GC invocations=7 (full 0):
 garbage-first heap   total 262144K, used 34514K [0x00000007e0000000, 0x0000000800000000)
  region size 1024K, 1 young (1024K), 1 survivors (1024K)
 Metaspace       used 35922K, committed 36288K, reserved 393216K
  class space    used 5062K, committed 5248K, reserved 327680K
}
Event: 46.863 GC heap before
{Heap before GC invocations=7 (full 0):
 garbage-first heap   total 262144K, used 36562K [0x00000007e0000000, 0x0000000800000000)
  region size 1024K, 4 young (4096K), 1 survivors (1024K)
 Metaspace       used 36208K, committed 36608K, reserved 393216K
  class space    used 5080K, committed 5312K, reserved 327680K
}
Event: 46.865 GC heap after
{Heap after GC invocations=8 (full 0):
 garbage-first heap   total 262144K, used 32579K [0x00000007e0000000, 0x0000000800000000)
  region size 1024K, 1 young (1024K), 1 survivors (1024K)
 Metaspace       used 36208K, committed 36608K, reserved 393216K
  class space    used 5080K, committed 5312K, reserved 327680K
}
Event: 55.241 GC heap before
{Heap before GC invocations=9 (full 0):
 garbage-first heap   total 262144K, used 185155K [0x00000007e0000000, 0x0000000800000000)
  region size 1024K, 149 young (152576K), 1 survivors (1024K)
 Metaspace       used 58170K, committed 58752K, reserved 393216K
  class space    used 8098K, committed 8384K, reserved 327680K
}
Event: 55.265 GC heap after
{Heap after GC invocations=10 (full 0):
 garbage-first heap   total 262144K, used 41555K [0x00000007e0000000, 0x0000000800000000)
  region size 1024K, 10 young (10240K), 10 survivors (10240K)
 Metaspace       used 58170K, committed 58752K, reserved 393216K
  class space    used 8098K, committed 8384K, reserved 327680K
}

