# JRE version: OpenJDK Runtime Environment Zulu17.48+15-CA (17.0.10+7) (build 17.0.10+7-LTS)
# Java VM: OpenJDK 64-Bit Server VM Zulu17.48+15-CA (17.0.10+7-LTS, mixed mode, sharing, tiered, compressed oops, compressed class ptrs, g1 gc, bsd-amd64)
Heap:
 garbage-first heap   total 389120K, used 173330K [0x00000007e0000000, 0x0000000800000000)
  region size 1024K, 76 young (77824K), 7 survivors (7168K)
 Metaspace       used 118858K, committed 119552K, reserved 458752K
  class space    used 15407K, committed 15744K, reserved 327680K
GC Heap History (20 events):
Event: 83.706 GC heap before
{Heap before GC invocations=65 (full 0):
 garbage-first heap   total 262144K, used 212812K [0x00000007e0000000, 0x0000000800000000)
  region size 1024K, 126 young (129024K), 8 survivors (8192K)
 Metaspace       used 100375K, committed 100992K, reserved 458752K
  class space    used 12946K, committed 13248K, reserved 327680K
}
Event: 83.725 GC heap after
{Heap after GC invocations=66 (full 0):
 garbage-first heap   total 262144K, used 98630K [0x00000007e0000000, 0x0000000800000000)
  region size 1024K, 15 young (15360K), 15 survivors (15360K)
 Metaspace       used 100375K, committed 100992K, reserved 458752K
  class space    used 12946K, committed 13248K, reserved 327680K
}
Event: 83.851 GC heap before
{Heap before GC invocations=66 (full 0):
 garbage-first heap   total 262144K, used 105798K [0x00000007e0000000, 0x0000000800000000)
  region size 1024K, 23 young (23552K), 15 survivors (15360K)
 Metaspace       used 101448K, committed 102016K, reserved 458752K
  class space    used 13067K, committed 13376K, reserved 327680K
}
Event: 83.873 GC heap after
{Heap after GC invocations=67 (full 0):
 garbage-first heap   total 262144K, used 99435K [0x00000007e0000000, 0x0000000800000000)
  region size 1024K, 8 young (8192K), 8 survivors (8192K)
 Metaspace       used 101448K, committed 102016K, reserved 458752K
  class space    used 13067K, committed 13376K, reserved 327680K
}
Event: 87.887 GC heap before
{Heap before GC invocations=68 (full 0):
 garbage-first heap   total 262144K, used 215147K [0x00000007e0000000, 0x0000000800000000)
  region size 1024K, 122 young (124928K), 8 survivors (8192K)
 Metaspace       used 113142K, committed 113728K, reserved 458752K
  class space    used 14649K, committed 14912K, reserved 327680K
}
Event: 87.902 GC heap after
{Heap after GC invocations=69 (full 0):
 garbage-first heap   total 262144K, used 100336K [0x00000007e0000000, 0x0000000800000000)
  region size 1024K, 10 young (10240K), 10 survivors (10240K)
 Metaspace       used 113142K, committed 113728K, reserved 458752K
  class space    used 14649K, committed 14912K, reserved 327680K
}
Event: 87.938 GC heap before
{Heap before GC invocations=69 (full 0):
 garbage-first heap   total 262144K, used 102384K [0x00000007e0000000, 0x0000000800000000)
  region size 1024K, 12 young (12288K), 10 survivors (10240K)
 Metaspace       used 113331K, committed 113920K, reserved 458752K
  class space    used 14686K, committed 14976K, reserved 327680K
}
Event: 87.952 GC heap after
{Heap after GC invocations=70 (full 0):
 garbage-first heap   total 262144K, used 99255K [0x00000007e0000000, 0x0000000800000000)
  region size 1024K, 2 young (2048K), 2 survivors (2048K)
 Metaspace       used 113331K, committed 113920K, reserved 458752K
  class space    used 14686K, committed 14976K, reserved 327680K
}
Event: 88.351 GC heap before
{Heap before GC invocations=70 (full 0):
 garbage-first heap   total 262144K, used 218039K [0x00000007e0000000, 0x0000000800000000)
  region size 1024K, 118 young (120832K), 2 survivors (2048K)
 Metaspace       used 114136K, committed 114816K, reserved 458752K
  class space    used 14793K, committed 15104K, reserved 327680K
}
Event: 88.355 GC heap after
{Heap after GC invocations=71 (full 0):
 garbage-first heap   total 262144K, used 99831K [0x00000007e0000000, 0x0000000800000000)
  region size 1024K, 2 young (2048K), 2 survivors (2048K)
 Metaspace       used 114136K, committed 114816K, reserved 458752K
  class space    used 14793K, committed 15104K, reserved 327680K
}
Event: 88.630 GC heap before
{Heap before GC invocations=72 (full 0):
 garbage-first heap   total 307200K, used 220663K [0x00000007e0000000, 0x0000000800000000)
  region size 1024K, 120 young (122880K), 2 survivors (2048K)
 Metaspace       used 114138K, committed 114816K, reserved 458752K
  class space    used 14793K, committed 15104K, reserved 327680K
}
Event: 88.635 GC heap after
{Heap after GC invocations=73 (full 0):
 garbage-first heap   total 307200K, used 101243K [0x00000007e0000000, 0x0000000800000000)
  region size 1024K, 4 young (4096K), 4 survivors (4096K)
 Metaspace       used 114138K, committed 114816K, reserved 458752K
  class space    used 14793K, committed 15104K, reserved 327680K
}
Event: 88.652 GC heap before
{Heap before GC invocations=73 (full 0):
 garbage-first heap   total 307200K, used 112507K [0x00000007e0000000, 0x0000000800000000)
  region size 1024K, 15 young (15360K), 4 survivors (4096K)
 Metaspace       used 114138K, committed 114816K, reserved 458752K
  class space    used 14793K, committed 15104K, reserved 327680K
}
Event: 88.656 GC heap after
{Heap after GC invocations=74 (full 0):
 garbage-first heap   total 307200K, used 96662K [0x00000007e0000000, 0x0000000800000000)
  region size 1024K, 1 young (1024K), 1 survivors (1024K)
 Metaspace       used 114138K, committed 114816K, reserved 458752K
  class space    used 14793K, committed 15104K, reserved 327680K
}
Event: 88.926 GC heap before
{Heap before GC invocations=74 (full 0):
 garbage-first heap   total 307200K, used 260502K [0x00000007e0000000, 0x0000000800000000)
  region size 1024K, 161 young (164864K), 1 survivors (1024K)
 Metaspace       used 114138K, committed 114816K, reserved 458752K
  class space    used 14793K, committed 15104K, reserved 327680K
}
Event: 88.929 GC heap after
{Heap after GC invocations=75 (full 0):
 garbage-first heap   total 389120K, used 98720K [0x00000007e0000000, 0x0000000800000000)
  region size 1024K, 3 young (3072K), 3 survivors (3072K)
 Metaspace       used 114138K, committed 114816K, reserved 458752K
  class space    used 14793K, committed 15104K, reserved 327680K
}
Event: 89.507 GC heap before
{Heap before GC invocations=75 (full 0):
 garbage-first heap   total 389120K, used 329120K [0x00000007e0000000, 0x0000000800000000)
  region size 1024K, 228 young (233472K), 3 survivors (3072K)
 Metaspace       used 114138K, committed 114816K, reserved 458752K
  class space    used 14793K, committed 15104K, reserved 327680K
}
Event: 89.512 GC heap after
{Heap after GC invocations=76 (full 0):
 garbage-first heap   total 389120K, used 101806K [0x00000007e0000000, 0x0000000800000000)
  region size 1024K, 6 young (6144K), 6 survivors (6144K)
 Metaspace       used 114138K, committed 114816K, reserved 458752K
  class space    used 14793K, committed 15104K, reserved 327680K
}
Event: 91.528 GC heap before
{Heap before GC invocations=76 (full 0):
 garbage-first heap   total 389120K, used 330158K [0x00000007e0000000, 0x0000000800000000)
  region size 1024K, 228 young (233472K), 6 survivors (6144K)
 Metaspace       used 118071K, committed 118656K, reserved 458752K
  class space    used 15269K, committed 15552K, reserved 327680K
}
Event: 91.537 GC heap after
{Heap after GC invocations=77 (full 0):
 garbage-first heap   total 389120K, used 102674K [0x00000007e0000000, 0x0000000800000000)
  region size 1024K, 7 young (7168K), 7 survivors (7168K)
 Metaspace       used 118071K, committed 118656K, reserved 458752K
  class space    used 15269K, committed 15552K, reserved 327680K
}

