# JRE version: OpenJDK Runtime Environment Temurin-17.0.12+7 (17.0.12+7) (build 17.0.12+7)
# Java VM: OpenJDK 64-Bit Server VM Temurin-17.0.12+7 (17.0.12+7, mixed mode, tiered, compressed oops, compressed class ptrs, parallel gc, bsd-amd64)
GC Precious Log:
 CPUs: 4 total, 4 available
 Memory: 8192M
 Large Page Support: Disabled
 NUMA Support: Disabled
 Compressed Oops: Enabled (Zero based)
 Alignments: Space 512K, Generation 512K, Heap 2M
 Heap Min Capacity: 100M
 Heap Initial Capacity: 100M
 Heap Max Capacity: 1G
 Pre-touch: Disabled
 Parallel Workers: 4
Heap:
 PSYoungGen      total 16384K, used 2537K [0x00000007eab00000, 0x00000007ebe80000, 0x0000000800000000)
  eden space 13824K, 0% used [0x00000007eab00000,0x00000007eab00000,0x00000007eb880000)
  from space 2560K, 99% used [0x00000007eb880000,0x00000007ebafa700,0x00000007ebb00000)
  to   space 3072K, 0% used [0x00000007ebb80000,0x00000007ebb80000,0x00000007ebe80000)
 ParOldGen       total 74240K, used 72324K [0x00000007c0000000, 0x00000007c4880000, 0x00000007eab00000)
  object space 74240K, 97% used [0x00000007c0000000,0x00000007c46a1130,0x00000007c4880000)
 Metaspace       used 66100K, committed 67200K, reserved 1114112K
  class space    used 7696K, committed 8192K, reserved 1048576K
GC Heap History (20 events):
Event: 35.074 GC heap after
{Heap after GC invocations=79 (full 3):
 PSYoungGen      total 17408K, used 1015K [0x00000007eab00000, 0x00000007ec700000, 0x0000000800000000)
  eden space 16384K, 0% used [0x00000007eab00000,0x00000007eab00000,0x00000007ebb00000)
  from space 1024K, 99% used [0x00000007ec000000,0x00000007ec0fdee8,0x00000007ec100000)
  to   space 5120K, 0% used [0x00000007ebb00000,0x00000007ebb00000,0x00000007ec000000)
 ParOldGen       total 68608K, used 46947K [0x00000007c0000000, 0x00000007c4300000, 0x00000007eab00000)
  object space 68608K, 68% used [0x00000007c0000000,0x00000007c2dd8cd0,0x00000007c4300000)
 Metaspace       used 65616K, committed 66752K, reserved 1114112K
  class space    used 7665K, committed 8192K, reserved 1048576K
}
Event: 35.414 GC heap before
{Heap before GC invocations=80 (full 3):
 PSYoungGen      total 17408K, used 17399K [0x00000007eab00000, 0x00000007ec700000, 0x0000000800000000)
  eden space 16384K, 100% used [0x00000007eab00000,0x00000007ebb00000,0x00000007ebb00000)
  from space 1024K, 99% used [0x00000007ec000000,0x00000007ec0fdee8,0x00000007ec100000)
  to   space 5120K, 0% used [0x00000007ebb00000,0x00000007ebb00000,0x00000007ec000000)
 ParOldGen       total 68608K, used 46947K [0x00000007c0000000, 0x00000007c4300000, 0x00000007eab00000)
  object space 68608K, 68% used [0x00000007c0000000,0x00000007c2dd8cd0,0x00000007c4300000)
 Metaspace       used 65881K, committed 67008K, reserved 1114112K
  class space    used 7682K, committed 8192K, reserved 1048576K
}
Event: 35.418 GC heap after
{Heap after GC invocations=80 (full 3):
 PSYoungGen      total 19968K, used 3141K [0x00000007eab00000, 0x00000007ec300000, 0x0000000800000000)
  eden space 16384K, 0% used [0x00000007eab00000,0x00000007eab00000,0x00000007ebb00000)
  from space 3584K, 87% used [0x00000007ebb00000,0x00000007ebe11768,0x00000007ebe80000)
  to   space 4096K, 0% used [0x00000007ebf00000,0x00000007ebf00000,0x00000007ec300000)
 ParOldGen       total 68608K, used 47907K [0x00000007c0000000, 0x00000007c4300000, 0x00000007eab00000)
  object space 68608K, 69% used [0x00000007c0000000,0x00000007c2ec8e48,0x00000007c4300000)
 Metaspace       used 65881K, committed 67008K, reserved 1114112K
  class space    used 7682K, committed 8192K, reserved 1048576K
}
Event: 35.524 GC heap before
{Heap before GC invocations=81 (full 3):
 PSYoungGen      total 19968K, used 19525K [0x00000007eab00000, 0x00000007ec300000, 0x0000000800000000)
  eden space 16384K, 100% used [0x00000007eab00000,0x00000007ebb00000,0x00000007ebb00000)
  from space 3584K, 87% used [0x00000007ebb00000,0x00000007ebe11768,0x00000007ebe80000)
  to   space 4096K, 0% used [0x00000007ebf00000,0x00000007ebf00000,0x00000007ec300000)
 ParOldGen       total 68608K, used 47907K [0x00000007c0000000, 0x00000007c4300000, 0x00000007eab00000)
  object space 68608K, 69% used [0x00000007c0000000,0x00000007c2ec8e48,0x00000007c4300000)
 Metaspace       used 65931K, committed 67072K, reserved 1114112K
  class space    used 7682K, committed 8192K, reserved 1048576K
}
Event: 35.529 GC heap after
{Heap after GC invocations=81 (full 3):
 PSYoungGen      total 18944K, used 2253K [0x00000007eab00000, 0x00000007ec180000, 0x0000000800000000)
  eden space 16384K, 0% used [0x00000007eab00000,0x00000007eab00000,0x00000007ebb00000)
  from space 2560K, 88% used [0x00000007ebf00000,0x00000007ec133560,0x00000007ec180000)
  to   space 3072K, 0% used [0x00000007ebb80000,0x00000007ebb80000,0x00000007ebe80000)
 ParOldGen       total 68608K, used 50989K [0x00000007c0000000, 0x00000007c4300000, 0x00000007eab00000)
  object space 68608K, 74% used [0x00000007c0000000,0x00000007c31cb610,0x00000007c4300000)
 Metaspace       used 65931K, committed 67072K, reserved 1114112K
  class space    used 7682K, committed 8192K, reserved 1048576K
}
Event: 35.634 GC heap before
{Heap before GC invocations=82 (full 3):
 PSYoungGen      total 18944K, used 18637K [0x00000007eab00000, 0x00000007ec180000, 0x0000000800000000)
  eden space 16384K, 100% used [0x00000007eab00000,0x00000007ebb00000,0x00000007ebb00000)
  from space 2560K, 88% used [0x00000007ebf00000,0x00000007ec133560,0x00000007ec180000)
  to   space 3072K, 0% used [0x00000007ebb80000,0x00000007ebb80000,0x00000007ebe80000)
 ParOldGen       total 68608K, used 50989K [0x00000007c0000000, 0x00000007c4300000, 0x00000007eab00000)
  object space 68608K, 74% used [0x00000007c0000000,0x00000007c31cb610,0x00000007c4300000)
 Metaspace       used 65960K, committed 67136K, reserved 1114112K
  class space    used 7683K, committed 8192K, reserved 1048576K
}
Event: 35.637 GC heap after
{Heap after GC invocations=82 (full 3):
 PSYoungGen      total 19456K, used 2570K [0x00000007eab00000, 0x00000007ec100000, 0x0000000800000000)
  eden space 16384K, 0% used [0x00000007eab00000,0x00000007eab00000,0x00000007ebb00000)
  from space 3072K, 83% used [0x00000007ebb80000,0x00000007ebe02ac8,0x00000007ebe80000)
  to   space 2560K, 0% used [0x00000007ebe80000,0x00000007ebe80000,0x00000007ec100000)
 ParOldGen       total 68608K, used 53209K [0x00000007c0000000, 0x00000007c4300000, 0x00000007eab00000)
  object space 68608K, 77% used [0x00000007c0000000,0x00000007c33f6420,0x00000007c4300000)
 Metaspace       used 65960K, committed 67136K, reserved 1114112K
  class space    used 7683K, committed 8192K, reserved 1048576K
}
Event: 35.716 GC heap before
{Heap before GC invocations=83 (full 3):
 PSYoungGen      total 19456K, used 18954K [0x00000007eab00000, 0x00000007ec100000, 0x0000000800000000)
  eden space 16384K, 100% used [0x00000007eab00000,0x00000007ebb00000,0x00000007ebb00000)
  from space 3072K, 83% used [0x00000007ebb80000,0x00000007ebe02ac8,0x00000007ebe80000)
  to   space 2560K, 0% used [0x00000007ebe80000,0x00000007ebe80000,0x00000007ec100000)
 ParOldGen       total 68608K, used 53209K [0x00000007c0000000, 0x00000007c4300000, 0x00000007eab00000)
  object space 68608K, 77% used [0x00000007c0000000,0x00000007c33f6420,0x00000007c4300000)
 Metaspace       used 65976K, committed 67136K, reserved 1114112K
  class space    used 7683K, committed 8192K, reserved 1048576K
}
Event: 35.728 GC heap after
{Heap after GC invocations=83 (full 3):
 PSYoungGen      total 16384K, used 2528K [0x00000007eab00000, 0x00000007ec700000, 0x0000000800000000)
  eden space 13824K, 0% used [0x00000007eab00000,0x00000007eab00000,0x00000007eb880000)
  from space 2560K, 98% used [0x00000007ebe80000,0x00000007ec0f8248,0x00000007ec100000)
  to   space 6144K, 0% used [0x00000007eb880000,0x00000007eb880000,0x00000007ebe80000)
 ParOldGen       total 68608K, used 55973K [0x00000007c0000000, 0x00000007c4300000, 0x00000007eab00000)
  object space 68608K, 81% used [0x00000007c0000000,0x00000007c36a9760,0x00000007c4300000)
 Metaspace       used 65976K, committed 67136K, reserved 1114112K
  class space    used 7683K, committed 8192K, reserved 1048576K
}
Event: 35.802 GC heap before
{Heap before GC invocations=84 (full 3):
 PSYoungGen      total 16384K, used 16352K [0x00000007eab00000, 0x00000007ec700000, 0x0000000800000000)
  eden space 13824K, 100% used [0x00000007eab00000,0x00000007eb880000,0x00000007eb880000)
  from space 2560K, 98% used [0x00000007ebe80000,0x00000007ec0f8248,0x00000007ec100000)
  to   space 6144K, 0% used [0x00000007eb880000,0x00000007eb880000,0x00000007ebe80000)
 ParOldGen       total 68608K, used 55973K [0x00000007c0000000, 0x00000007c4300000, 0x00000007eab00000)
  object space 68608K, 81% used [0x00000007c0000000,0x00000007c36a9760,0x00000007c4300000)
 Metaspace       used 65978K, committed 67136K, reserved 1114112K
  class space    used 7683K, committed 8192K, reserved 1048576K
}
Event: 35.813 GC heap after
{Heap after GC invocations=84 (full 3):
 PSYoungGen      total 16384K, used 2112K [0x00000007eab00000, 0x00000007ebf80000, 0x0000000800000000)
  eden space 13824K, 0% used [0x00000007eab00000,0x00000007eab00000,0x00000007eb880000)
  from space 2560K, 82% used [0x00000007eb880000,0x00000007eba90010,0x00000007ebb00000)
  to   space 3584K, 0% used [0x00000007ebc00000,0x00000007ebc00000,0x00000007ebf80000)
 ParOldGen       total 68608K, used 58484K [0x00000007c0000000, 0x00000007c4300000, 0x00000007eab00000)
  object space 68608K, 85% used [0x00000007c0000000,0x00000007c391d2d0,0x00000007c4300000)
 Metaspace       used 65978K, committed 67136K, reserved 1114112K
  class space    used 7683K, committed 8192K, reserved 1048576K
}
Event: 36.038 GC heap before
{Heap before GC invocations=85 (full 3):
 PSYoungGen      total 16384K, used 15936K [0x00000007eab00000, 0x00000007ebf80000, 0x0000000800000000)
  eden space 13824K, 100% used [0x00000007eab00000,0x00000007eb880000,0x00000007eb880000)
  from space 2560K, 82% used [0x00000007eb880000,0x00000007eba90010,0x00000007ebb00000)
  to   space 3584K, 0% used [0x00000007ebc00000,0x00000007ebc00000,0x00000007ebf80000)
 ParOldGen       total 68608K, used 58484K [0x00000007c0000000, 0x00000007c4300000, 0x00000007eab00000)
  object space 68608K, 85% used [0x00000007c0000000,0x00000007c391d2d0,0x00000007c4300000)
 Metaspace       used 65998K, committed 67136K, reserved 1114112K
  class space    used 7683K, committed 8192K, reserved 1048576K
}
Event: 36.054 GC heap after
{Heap after GC invocations=85 (full 3):
 PSYoungGen      total 16384K, used 2336K [0x00000007eab00000, 0x00000007ebe80000, 0x0000000800000000)
  eden space 13824K, 0% used [0x00000007eab00000,0x00000007eab00000,0x00000007eb880000)
  from space 2560K, 91% used [0x00000007ebc00000,0x00000007ebe48068,0x00000007ebe80000)
  to   space 2560K, 0% used [0x00000007eb880000,0x00000007eb880000,0x00000007ebb00000)
 ParOldGen       total 68608K, used 60552K [0x00000007c0000000, 0x00000007c4300000, 0x00000007eab00000)
  object space 68608K, 88% used [0x00000007c0000000,0x00000007c3b22000,0x00000007c4300000)
 Metaspace       used 65998K, committed 67136K, reserved 1114112K
  class space    used 7683K, committed 8192K, reserved 1048576K
}
Event: 36.152 GC heap before
{Heap before GC invocations=86 (full 3):
 PSYoungGen      total 16384K, used 16160K [0x00000007eab00000, 0x00000007ebe80000, 0x0000000800000000)
  eden space 13824K, 100% used [0x00000007eab00000,0x00000007eb880000,0x00000007eb880000)
  from space 2560K, 91% used [0x00000007ebc00000,0x00000007ebe48068,0x00000007ebe80000)
  to   space 2560K, 0% used [0x00000007eb880000,0x00000007eb880000,0x00000007ebb00000)
 ParOldGen       total 68608K, used 60552K [0x00000007c0000000, 0x00000007c4300000, 0x00000007eab00000)
  object space 68608K, 88% used [0x00000007c0000000,0x00000007c3b22000,0x00000007c4300000)
 Metaspace       used 65998K, committed 67136K, reserved 1114112K
  class space    used 7683K, committed 8192K, reserved 1048576K
}
Event: 36.157 GC heap after
{Heap after GC invocations=86 (full 3):
 PSYoungGen      total 16384K, used 2366K [0x00000007eab00000, 0x00000007ebd80000, 0x0000000800000000)
  eden space 13824K, 0% used [0x00000007eab00000,0x00000007eab00000,0x00000007eb880000)
  from space 2560K, 92% used [0x00000007eb880000,0x00000007ebacfbe0,0x00000007ebb00000)
  to   space 2560K, 0% used [0x00000007ebb00000,0x00000007ebb00000,0x00000007ebd80000)
 ParOldGen       total 68608K, used 62783K [0x00000007c0000000, 0x00000007c4300000, 0x00000007eab00000)
  object space 68608K, 91% used [0x00000007c0000000,0x00000007c3d4fd28,0x00000007c4300000)
 Metaspace       used 65998K, committed 67136K, reserved 1114112K
  class space    used 7683K, committed 8192K, reserved 1048576K
}
Event: 36.307 GC heap before
{Heap before GC invocations=87 (full 3):
 PSYoungGen      total 16384K, used 14090K [0x00000007eab00000, 0x00000007ebd80000, 0x0000000800000000)
  eden space 13824K, 84% used [0x00000007eab00000,0x00000007eb672e28,0x00000007eb880000)
  from space 2560K, 92% used [0x00000007eb880000,0x00000007ebacfbe0,0x00000007ebb00000)
  to   space 2560K, 0% used [0x00000007ebb00000,0x00000007ebb00000,0x00000007ebd80000)
 ParOldGen       total 68608K, used 62783K [0x00000007c0000000, 0x00000007c4300000, 0x00000007eab00000)
  object space 68608K, 91% used [0x00000007c0000000,0x00000007c3d4fd28,0x00000007c4300000)
 Metaspace       used 66097K, committed 67200K, reserved 1114112K
  class space    used 7695K, committed 8192K, reserved 1048576K
}
Event: 36.337 GC heap after
{Heap after GC invocations=87 (full 3):
 PSYoungGen      total 16384K, used 1951K [0x00000007eab00000, 0x00000007ebd80000, 0x0000000800000000)
  eden space 13824K, 0% used [0x00000007eab00000,0x00000007eab00000,0x00000007eb880000)
  from space 2560K, 76% used [0x00000007ebb00000,0x00000007ebce7f60,0x00000007ebd80000)
  to   space 2560K, 0% used [0x00000007eb880000,0x00000007eb880000,0x00000007ebb00000)
 ParOldGen       total 68608K, used 65024K [0x00000007c0000000, 0x00000007c4300000, 0x00000007eab00000)
  object space 68608K, 94% used [0x00000007c0000000,0x00000007c3f80210,0x00000007c4300000)
 Metaspace       used 66097K, committed 67200K, reserved 1114112K
  class space    used 7695K, committed 8192K, reserved 1048576K
}
Event: 36.476 GC heap before
{Heap before GC invocations=88 (full 3):
 PSYoungGen      total 16384K, used 15775K [0x00000007eab00000, 0x00000007ebd80000, 0x0000000800000000)
  eden space 13824K, 100% used [0x00000007eab00000,0x00000007eb880000,0x00000007eb880000)
  from space 2560K, 76% used [0x00000007ebb00000,0x00000007ebce7f60,0x00000007ebd80000)
  to   space 2560K, 0% used [0x00000007eb880000,0x00000007eb880000,0x00000007ebb00000)
 ParOldGen       total 68608K, used 65024K [0x00000007c0000000, 0x00000007c4300000, 0x00000007eab00000)
  object space 68608K, 94% used [0x00000007c0000000,0x00000007c3f80210,0x00000007c4300000)
 Metaspace       used 66100K, committed 67200K, reserved 1114112K
  class space    used 7696K, committed 8192K, reserved 1048576K
}
Event: 36.483 GC heap after
{Heap after GC invocations=88 (full 3):
 PSYoungGen      total 16384K, used 2537K [0x00000007eab00000, 0x00000007ebe80000, 0x0000000800000000)
  eden space 13824K, 0% used [0x00000007eab00000,0x00000007eab00000,0x00000007eb880000)
  from space 2560K, 99% used [0x00000007eb880000,0x00000007ebafa700,0x00000007ebb00000)
  to   space 3072K, 0% used [0x00000007ebb80000,0x00000007ebb80000,0x00000007ebe80000)
 ParOldGen       total 74240K, used 72324K [0x00000007c0000000, 0x00000007c4880000, 0x00000007eab00000)
  object space 74240K, 97% used [0x00000007c0000000,0x00000007c46a1130,0x00000007c4880000)
 Metaspace       used 66100K, committed 67200K, reserved 1114112K
  class space    used 7696K, committed 8192K, reserved 1048576K
}
Event: 36.483 GC heap before
{Heap before GC invocations=89 (full 4):
 PSYoungGen      total 16384K, used 2537K [0x00000007eab00000, 0x00000007ebe80000, 0x0000000800000000)
  eden space 13824K, 0% used [0x00000007eab00000,0x00000007eab00000,0x00000007eb880000)
  from space 2560K, 99% used [0x00000007eb880000,0x00000007ebafa700,0x00000007ebb00000)
  to   space 3072K, 0% used [0x00000007ebb80000,0x00000007ebb80000,0x00000007ebe80000)
 ParOldGen       total 74240K, used 72324K [0x00000007c0000000, 0x00000007c4880000, 0x00000007eab00000)
  object space 74240K, 97% used [0x00000007c0000000,0x00000007c46a1130,0x00000007c4880000)
 Metaspace       used 66100K, committed 67200K, reserved 1114112K
  class space    used 7696K, committed 8192K, reserved 1048576K
}

