# JRE version: OpenJDK Runtime Environment Zulu17.48+15-CA (17.0.10+7) (build 17.0.10+7-LTS)
# Java VM: OpenJDK 64-Bit Server VM Zulu17.48+15-CA (17.0.10+7-LTS, mixed mode, sharing, tiered, compressed oops, compressed class ptrs, g1 gc, bsd-amd64)
Heap:
 garbage-first heap   total 133120K, used 79798K [0x0000000780000000, 0x0000000800000000)
  region size 1024K, 51 young (52224K), 8 survivors (8192K)
 Metaspace       used 48276K, committed 48832K, reserved 491520K
  class space    used 6853K, committed 7104K, reserved 425984K
GC Heap History (20 events):
Event: 0.395 GC heap before
{Heap before GC invocations=0 (full 0):
 garbage-first heap   total 133120K, used 13224K [0x0000000780000000, 0x0000000800000000)
  region size 1024K, 13 young (13312K), 0 survivors (0K)
 Metaspace       used 1007K, committed 1152K, reserved 491520K
  class space    used 80K, committed 128K, reserved 425984K
}
Event: 0.398 GC heap after
{Heap after GC invocations=1 (full 0):
 garbage-first heap   total 133120K, used 3112K [0x0000000780000000, 0x0000000800000000)
  region size 1024K, 2 young (2048K), 2 survivors (2048K)
 Metaspace       used 1007K, committed 1152K, reserved 491520K
  class space    used 80K, committed 128K, reserved 425984K
}
Event: 0.872 GC heap before
{Heap before GC invocations=1 (full 0):
 garbage-first heap   total 133120K, used 28712K [0x0000000780000000, 0x0000000800000000)
  region size 1024K, 24 young (24576K), 2 survivors (2048K)
 Metaspace       used 3997K, committed 4224K, reserved 491520K
  class space    used 519K, committed 640K, reserved 425984K
}
Event: 0.878 GC heap after
{Heap after GC invocations=2 (full 0):
 garbage-first heap   total 133120K, used 11781K [0x0000000780000000, 0x0000000800000000)
  region size 1024K, 3 young (3072K), 3 survivors (3072K)
 Metaspace       used 3997K, committed 4224K, reserved 491520K
  class space    used 519K, committed 640K, reserved 425984K
}
Event: 1.279 GC heap before
{Heap before GC invocations=2 (full 0):
 garbage-first heap   total 133120K, used 40453K [0x0000000780000000, 0x0000000800000000)
  region size 1024K, 29 young (29696K), 3 survivors (3072K)
 Metaspace       used 4662K, committed 4864K, reserved 491520K
  class space    used 632K, committed 768K, reserved 425984K
}
Event: 1.285 GC heap after
{Heap after GC invocations=3 (full 0):
 garbage-first heap   total 133120K, used 17139K [0x0000000780000000, 0x0000000800000000)
  region size 1024K, 4 young (4096K), 4 survivors (4096K)
 Metaspace       used 4662K, committed 4864K, reserved 491520K
  class space    used 632K, committed 768K, reserved 425984K
}
Event: 3.556 GC heap before
{Heap before GC invocations=3 (full 0):
 garbage-first heap   total 133120K, used 90867K [0x0000000780000000, 0x0000000800000000)
  region size 1024K, 76 young (77824K), 4 survivors (4096K)
 Metaspace       used 17925K, committed 18240K, reserved 491520K
  class space    used 2622K, committed 2752K, reserved 425984K
}
Event: 3.571 GC heap after
{Heap after GC invocations=4 (full 0):
 garbage-first heap   total 133120K, used 22593K [0x0000000780000000, 0x0000000800000000)
  region size 1024K, 10 young (10240K), 10 survivors (10240K)
 Metaspace       used 17925K, committed 18240K, reserved 491520K
  class space    used 2622K, committed 2752K, reserved 425984K
}
Event: 3.982 GC heap before
{Heap before GC invocations=4 (full 0):
 garbage-first heap   total 133120K, used 47169K [0x0000000780000000, 0x0000000800000000)
  region size 1024K, 35 young (35840K), 10 survivors (10240K)
 Metaspace       used 21260K, committed 21504K, reserved 491520K
  class space    used 3147K, committed 3264K, reserved 425984K
}
Event: 3.993 GC heap after
{Heap after GC invocations=5 (full 0):
 garbage-first heap   total 133120K, used 24176K [0x0000000780000000, 0x0000000800000000)
  region size 1024K, 7 young (7168K), 7 survivors (7168K)
 Metaspace       used 21260K, committed 21504K, reserved 491520K
  class space    used 3147K, committed 3264K, reserved 425984K
}
Event: 5.638 GC heap before
{Heap before GC invocations=6 (full 0):
 garbage-first heap   total 96256K, used 74352K [0x0000000780000000, 0x0000000800000000)
  region size 1024K, 56 young (57344K), 7 survivors (7168K)
 Metaspace       used 28773K, committed 29120K, reserved 491520K
  class space    used 4157K, committed 4352K, reserved 425984K
}
Event: 5.650 GC heap after
{Heap after GC invocations=7 (full 0):
 garbage-first heap   total 96256K, used 26817K [0x0000000780000000, 0x0000000800000000)
  region size 1024K, 5 young (5120K), 5 survivors (5120K)
 Metaspace       used 28773K, committed 29120K, reserved 491520K
  class space    used 4157K, committed 4352K, reserved 425984K
}
Event: 5.668 GC heap before
{Heap before GC invocations=7 (full 0):
 garbage-first heap   total 96256K, used 26817K [0x0000000780000000, 0x0000000800000000)
  region size 1024K, 6 young (6144K), 5 survivors (5120K)
 Metaspace       used 28969K, committed 29312K, reserved 491520K
  class space    used 4170K, committed 4352K, reserved 425984K
}
Event: 5.675 GC heap after
{Heap after GC invocations=8 (full 0):
 garbage-first heap   total 96256K, used 27851K [0x0000000780000000, 0x0000000800000000)
  region size 1024K, 1 young (1024K), 1 survivors (1024K)
 Metaspace       used 28969K, committed 29312K, reserved 491520K
  class space    used 4170K, committed 4352K, reserved 425984K
}
Event: 6.625 GC heap before
{Heap before GC invocations=8 (full 0):
 garbage-first heap   total 96256K, used 75979K [0x0000000780000000, 0x0000000800000000)
  region size 1024K, 44 young (45056K), 1 survivors (1024K)
 Metaspace       used 33522K, committed 33984K, reserved 491520K
  class space    used 4715K, committed 4928K, reserved 425984K
}
Event: 6.632 GC heap after
{Heap after GC invocations=9 (full 0):
 garbage-first heap   total 179200K, used 30878K [0x0000000780000000, 0x0000000800000000)
  region size 1024K, 4 young (4096K), 4 survivors (4096K)
 Metaspace       used 33522K, committed 33984K, reserved 491520K
  class space    used 4715K, committed 4928K, reserved 425984K
}
Event: 7.239 GC heap before
{Heap before GC invocations=9 (full 0):
 garbage-first heap   total 179200K, used 49310K [0x0000000780000000, 0x0000000800000000)
  region size 1024K, 23 young (23552K), 4 survivors (4096K)
 Metaspace       used 35672K, committed 36096K, reserved 491520K
  class space    used 5044K, committed 5248K, reserved 425984K
}
Event: 7.247 GC heap after
{Heap after GC invocations=10 (full 0):
 garbage-first heap   total 179200K, used 32014K [0x0000000780000000, 0x0000000800000000)
  region size 1024K, 5 young (5120K), 5 survivors (5120K)
 Metaspace       used 35672K, committed 36096K, reserved 491520K
  class space    used 5044K, committed 5248K, reserved 425984K
}
Event: 10.749 GC heap before
{Heap before GC invocations=11 (full 0):
 garbage-first heap   total 133120K, used 108814K [0x0000000780000000, 0x0000000800000000)
  region size 1024K, 78 young (79872K), 5 survivors (5120K)
 Metaspace       used 42958K, committed 43456K, reserved 491520K
  class space    used 6124K, committed 6336K, reserved 425984K
}
Event: 10.761 GC heap after
{Heap after GC invocations=12 (full 0):
 garbage-first heap   total 133120K, used 35952K [0x0000000780000000, 0x0000000800000000)
  region size 1024K, 8 young (8192K), 8 survivors (8192K)
 Metaspace       used 42958K, committed 43456K, reserved 491520K
  class space    used 6124K, committed 6336K, reserved 425984K
}

