# JRE version: OpenJDK Runtime Environment Zulu17.48+15-CA (17.0.10+7) (build 17.0.10+7-LTS)
# Java VM: OpenJDK 64-Bit Server VM Zulu17.48+15-CA (17.0.10+7-LTS, mixed mode, sharing, tiered, compressed oops, compressed class ptrs, g1 gc, bsd-amd64)
Heap:
 garbage-first heap   total 115712K, used 43137K [0x0000000780000000, 0x0000000800000000)
  region size 1024K, 11 young (11264K), 5 survivors (5120K)
 Metaspace       used 48215K, committed 48768K, reserved 491520K
  class space    used 6844K, committed 7104K, reserved 425984K
GC Heap History (20 events):
Event: 0.256 GC heap before
{Heap before GC invocations=0 (full 0):
 garbage-first heap   total 133120K, used 13224K [0x0000000780000000, 0x0000000800000000)
  region size 1024K, 13 young (13312K), 0 survivors (0K)
 Metaspace       used 875K, committed 1024K, reserved 491520K
  class space    used 72K, committed 128K, reserved 425984K
}
Event: 0.259 GC heap after
{Heap after GC invocations=1 (full 0):
 garbage-first heap   total 133120K, used 2535K [0x0000000780000000, 0x0000000800000000)
  region size 1024K, 2 young (2048K), 2 survivors (2048K)
 Metaspace       used 875K, committed 1024K, reserved 491520K
  class space    used 72K, committed 128K, reserved 425984K
}
Event: 0.723 GC heap before
{Heap before GC invocations=1 (full 0):
 garbage-first heap   total 133120K, used 30183K [0x0000000780000000, 0x0000000800000000)
  region size 1024K, 26 young (26624K), 2 survivors (2048K)
 Metaspace       used 4000K, committed 4224K, reserved 491520K
  class space    used 520K, committed 640K, reserved 425984K
}
Event: 0.728 GC heap after
{Heap after GC invocations=2 (full 0):
 garbage-first heap   total 133120K, used 12156K [0x0000000780000000, 0x0000000800000000)
  region size 1024K, 4 young (4096K), 4 survivors (4096K)
 Metaspace       used 4000K, committed 4224K, reserved 491520K
  class space    used 520K, committed 640K, reserved 425984K
}
Event: 1.237 GC heap before
{Heap before GC invocations=2 (full 0):
 garbage-first heap   total 133120K, used 40828K [0x0000000780000000, 0x0000000800000000)
  region size 1024K, 30 young (30720K), 4 survivors (4096K)
 Metaspace       used 4715K, committed 4928K, reserved 491520K
  class space    used 644K, committed 768K, reserved 425984K
}
Event: 1.244 GC heap after
{Heap after GC invocations=3 (full 0):
 garbage-first heap   total 133120K, used 17633K [0x0000000780000000, 0x0000000800000000)
  region size 1024K, 4 young (4096K), 4 survivors (4096K)
 Metaspace       used 4715K, committed 4928K, reserved 491520K
  class space    used 644K, committed 768K, reserved 425984K
}
Event: 4.991 GC heap before
{Heap before GC invocations=3 (full 0):
 garbage-first heap   total 133120K, used 89313K [0x0000000780000000, 0x0000000800000000)
  region size 1024K, 74 young (75776K), 4 survivors (4096K)
 Metaspace       used 17669K, committed 17984K, reserved 491520K
  class space    used 2571K, committed 2688K, reserved 425984K
}
Event: 5.005 GC heap after
{Heap after GC invocations=4 (full 0):
 garbage-first heap   total 133120K, used 22577K [0x0000000780000000, 0x0000000800000000)
  region size 1024K, 9 young (9216K), 9 survivors (9216K)
 Metaspace       used 17669K, committed 17984K, reserved 491520K
  class space    used 2571K, committed 2688K, reserved 425984K
}
Event: 5.432 GC heap before
{Heap before GC invocations=4 (full 0):
 garbage-first heap   total 133120K, used 48177K [0x0000000780000000, 0x0000000800000000)
  region size 1024K, 35 young (35840K), 9 survivors (9216K)
 Metaspace       used 21208K, committed 21504K, reserved 491520K
  class space    used 3133K, committed 3264K, reserved 425984K
}
Event: 5.442 GC heap after
{Heap after GC invocations=5 (full 0):
 garbage-first heap   total 133120K, used 24548K [0x0000000780000000, 0x0000000800000000)
  region size 1024K, 7 young (7168K), 7 survivors (7168K)
 Metaspace       used 21208K, committed 21504K, reserved 491520K
  class space    used 3133K, committed 3264K, reserved 425984K
}
Event: 6.402 GC heap before
{Heap before GC invocations=6 (full 0):
 garbage-first heap   total 96256K, used 73700K [0x0000000780000000, 0x0000000800000000)
  region size 1024K, 56 young (57344K), 7 survivors (7168K)
 Metaspace       used 28494K, committed 28864K, reserved 491520K
  class space    used 4143K, committed 4352K, reserved 425984K
}
Event: 6.421 GC heap after
{Heap after GC invocations=7 (full 0):
 garbage-first heap   total 96256K, used 27430K [0x0000000780000000, 0x0000000800000000)
  region size 1024K, 5 young (5120K), 5 survivors (5120K)
 Metaspace       used 28494K, committed 28864K, reserved 491520K
  class space    used 4143K, committed 4352K, reserved 425984K
}
Event: 6.977 GC heap before
{Heap before GC invocations=7 (full 0):
 garbage-first heap   total 96256K, used 69414K [0x0000000780000000, 0x0000000800000000)
  region size 1024K, 47 young (48128K), 5 survivors (5120K)
 Metaspace       used 32787K, committed 33216K, reserved 491520K
  class space    used 4702K, committed 4928K, reserved 425984K
}
Event: 6.988 GC heap after
{Heap after GC invocations=8 (full 0):
 garbage-first heap   total 115712K, used 31314K [0x0000000780000000, 0x0000000800000000)
  region size 1024K, 6 young (6144K), 6 survivors (6144K)
 Metaspace       used 32787K, committed 33216K, reserved 491520K
  class space    used 4702K, committed 4928K, reserved 425984K
}
Event: 7.874 GC heap before
{Heap before GC invocations=8 (full 0):
 garbage-first heap   total 115712K, used 63058K [0x0000000780000000, 0x0000000800000000)
  region size 1024K, 33 young (33792K), 6 survivors (6144K)
 Metaspace       used 35697K, committed 36096K, reserved 491520K
  class space    used 5045K, committed 5248K, reserved 425984K
}
Event: 7.884 GC heap after
{Heap after GC invocations=9 (full 0):
 garbage-first heap   total 115712K, used 33529K [0x0000000780000000, 0x0000000800000000)
  region size 1024K, 6 young (6144K), 6 survivors (6144K)
 Metaspace       used 35697K, committed 36096K, reserved 491520K
  class space    used 5045K, committed 5248K, reserved 425984K
}
Event: 9.024 GC heap before
{Heap before GC invocations=10 (full 0):
 garbage-first heap   total 115712K, used 86777K [0x0000000780000000, 0x0000000800000000)
  region size 1024K, 58 young (59392K), 6 survivors (6144K)
 Metaspace       used 41066K, committed 41536K, reserved 491520K
  class space    used 5921K, committed 6144K, reserved 425984K
}
Event: 9.033 GC heap after
{Heap after GC invocations=11 (full 0):
 garbage-first heap   total 115712K, used 35690K [0x0000000780000000, 0x0000000800000000)
  region size 1024K, 5 young (5120K), 5 survivors (5120K)
 Metaspace       used 41066K, committed 41536K, reserved 491520K
  class space    used 5921K, committed 6144K, reserved 425984K
}
Event: 11.347 GC heap before
{Heap before GC invocations=12 (full 0):
 garbage-first heap   total 115712K, used 89962K [0x0000000780000000, 0x0000000800000000)
  region size 1024K, 56 young (57344K), 5 survivors (5120K)
 Metaspace       used 47478K, committed 48000K, reserved 491520K
  class space    used 6723K, committed 6976K, reserved 425984K
}
Event: 11.356 GC heap after
{Heap after GC invocations=13 (full 0):
 garbage-first heap   total 115712K, used 37614K [0x0000000780000000, 0x0000000800000000)
  region size 1024K, 5 young (5120K), 5 survivors (5120K)
 Metaspace       used 47478K, committed 48000K, reserved 491520K
  class space    used 6723K, committed 6976K, reserved 425984K
}

