# JRE version: OpenJDK Runtime Environment Zulu17.48+15-CA (17.0.10+7) (build 17.0.10+7-LTS)
# Java VM: OpenJDK 64-Bit Server VM Zulu17.48+15-CA (17.0.10+7-LTS, mixed mode, sharing, tiered, compressed oops, compressed class ptrs, g1 gc, bsd-amd64)
Heap:
 garbage-first heap   total 92160K, used 51897K [0x0000000780000000, 0x0000000800000000)
  region size 1024K, 18 young (18432K), 3 survivors (3072K)
 Metaspace       used 48572K, committed 49088K, reserved 491520K
  class space    used 6881K, committed 7104K, reserved 425984K
GC Heap History (20 events):
Event: 5.847 GC heap before
{Heap before GC invocations=1 (full 0):
 garbage-first heap   total 133120K, used 30009K [0x0000000780000000, 0x0000000800000000)
  region size 1024K, 26 young (26624K), 2 survivors (2048K)
 Metaspace       used 4033K, committed 4224K, reserved 491520K
  class space    used 520K, committed 640K, reserved 425984K
}
Event: 5.854 GC heap after
{Heap after GC invocations=2 (full 0):
 garbage-first heap   total 133120K, used 11909K [0x0000000780000000, 0x0000000800000000)
  region size 1024K, 4 young (4096K), 4 survivors (4096K)
 Metaspace       used 4033K, committed 4224K, reserved 491520K
  class space    used 520K, committed 640K, reserved 425984K
}
Event: 7.784 GC heap before
{Heap before GC invocations=2 (full 0):
 garbage-first heap   total 133120K, used 40581K [0x0000000780000000, 0x0000000800000000)
  region size 1024K, 30 young (30720K), 4 survivors (4096K)
 Metaspace       used 4711K, committed 4928K, reserved 491520K
  class space    used 642K, committed 768K, reserved 425984K
}
Event: 7.793 GC heap after
{Heap after GC invocations=3 (full 0):
 garbage-first heap   total 133120K, used 17263K [0x0000000780000000, 0x0000000800000000)
  region size 1024K, 4 young (4096K), 4 survivors (4096K)
 Metaspace       used 4711K, committed 4928K, reserved 491520K
  class space    used 642K, committed 768K, reserved 425984K
}
Event: 13.240 GC heap before
{Heap before GC invocations=3 (full 0):
 garbage-first heap   total 133120K, used 90991K [0x0000000780000000, 0x0000000800000000)
  region size 1024K, 76 young (77824K), 4 survivors (4096K)
 Metaspace       used 17963K, committed 18304K, reserved 491520K
  class space    used 2620K, committed 2752K, reserved 425984K
}
Event: 13.267 GC heap after
{Heap after GC invocations=4 (full 0):
 garbage-first heap   total 133120K, used 22383K [0x0000000780000000, 0x0000000800000000)
  region size 1024K, 9 young (9216K), 9 survivors (9216K)
 Metaspace       used 17963K, committed 18304K, reserved 491520K
  class space    used 2620K, committed 2752K, reserved 425984K
}
Event: 16.982 GC heap before
{Heap before GC invocations=4 (full 0):
 garbage-first heap   total 133120K, used 46959K [0x0000000780000000, 0x0000000800000000)
  region size 1024K, 34 young (34816K), 9 survivors (9216K)
 Metaspace       used 21202K, committed 21504K, reserved 491520K
  class space    used 3128K, committed 3264K, reserved 425984K
}
Event: 17.008 GC heap after
{Heap after GC invocations=5 (full 0):
 garbage-first heap   total 133120K, used 24084K [0x0000000780000000, 0x0000000800000000)
  region size 1024K, 7 young (7168K), 7 survivors (7168K)
 Metaspace       used 21202K, committed 21504K, reserved 491520K
  class space    used 3128K, committed 3264K, reserved 425984K
}
Event: 74.570 GC heap before
{Heap before GC invocations=6 (full 0):
 garbage-first heap   total 92160K, used 72212K [0x0000000780000000, 0x0000000800000000)
  region size 1024K, 54 young (55296K), 7 survivors (7168K)
 Metaspace       used 27080K, committed 27456K, reserved 491520K
  class space    used 3977K, committed 4160K, reserved 425984K
}
Event: 74.599 GC heap after
{Heap after GC invocations=7 (full 0):
 garbage-first heap   total 92160K, used 26432K [0x0000000780000000, 0x0000000800000000)
  region size 1024K, 4 young (4096K), 4 survivors (4096K)
 Metaspace       used 27080K, committed 27456K, reserved 491520K
  class space    used 3977K, committed 4160K, reserved 425984K
}
Event: 89.103 GC heap before
{Heap before GC invocations=7 (full 0):
 garbage-first heap   total 92160K, used 67392K [0x0000000780000000, 0x0000000800000000)
  region size 1024K, 45 young (46080K), 4 survivors (4096K)
 Metaspace       used 32649K, committed 33024K, reserved 491520K
  class space    used 4674K, committed 4800K, reserved 425984K
}
Event: 89.129 GC heap after
{Heap after GC invocations=8 (full 0):
 garbage-first heap   total 92160K, used 31122K [0x0000000780000000, 0x0000000800000000)
  region size 1024K, 6 young (6144K), 6 survivors (6144K)
 Metaspace       used 32649K, committed 33024K, reserved 491520K
  class space    used 4674K, committed 4800K, reserved 425984K
}
Event: 92.679 GC heap before
{Heap before GC invocations=8 (full 0):
 garbage-first heap   total 92160K, used 58770K [0x0000000780000000, 0x0000000800000000)
  region size 1024K, 29 young (29696K), 6 survivors (6144K)
 Metaspace       used 35511K, committed 35968K, reserved 491520K
  class space    used 5010K, committed 5248K, reserved 425984K
}
Event: 92.690 GC heap after
{Heap after GC invocations=9 (full 0):
 garbage-first heap   total 92160K, used 33301K [0x0000000780000000, 0x0000000800000000)
  region size 1024K, 3 young (3072K), 3 survivors (3072K)
 Metaspace       used 35511K, committed 35968K, reserved 491520K
  class space    used 5010K, committed 5248K, reserved 425984K
}
Event: 96.345 GC heap before
{Heap before GC invocations=10 (full 0):
 garbage-first heap   total 92160K, used 69141K [0x0000000780000000, 0x0000000800000000)
  region size 1024K, 38 young (38912K), 3 survivors (3072K)
 Metaspace       used 38606K, committed 39104K, reserved 491520K
  class space    used 5503K, committed 5760K, reserved 425984K
}
Event: 96.351 GC heap after
{Heap after GC invocations=11 (full 0):
 garbage-first heap   total 92160K, used 34211K [0x0000000780000000, 0x0000000800000000)
  region size 1024K, 4 young (4096K), 4 survivors (4096K)
 Metaspace       used 38606K, committed 39104K, reserved 491520K
  class space    used 5503K, committed 5760K, reserved 425984K
}
Event: 99.884 GC heap before
{Heap before GC invocations=12 (full 0):
 garbage-first heap   total 92160K, used 70051K [0x0000000780000000, 0x0000000800000000)
  region size 1024K, 39 young (39936K), 4 survivors (4096K)
 Metaspace       used 42070K, committed 42560K, reserved 491520K
  class space    used 6077K, committed 6336K, reserved 425984K
}
Event: 99.893 GC heap after
{Heap after GC invocations=13 (full 0):
 garbage-first heap   total 92160K, used 35827K [0x0000000780000000, 0x0000000800000000)
  region size 1024K, 3 young (3072K), 3 survivors (3072K)
 Metaspace       used 42070K, committed 42560K, reserved 491520K
  class space    used 6077K, committed 6336K, reserved 425984K
}
Event: 102.492 GC heap before
{Heap before GC invocations=13 (full 0):
 garbage-first heap   total 92160K, used 72691K [0x0000000780000000, 0x0000000800000000)
  region size 1024K, 38 young (38912K), 3 survivors (3072K)
 Metaspace       used 46528K, committed 47104K, reserved 491520K
  class space    used 6574K, committed 6848K, reserved 425984K
}
Event: 102.500 GC heap after
{Heap after GC invocations=14 (full 0):
 garbage-first heap   total 92160K, used 37047K [0x0000000780000000, 0x0000000800000000)
  region size 1024K, 3 young (3072K), 3 survivors (3072K)
 Metaspace       used 46528K, committed 47104K, reserved 491520K
  class space    used 6574K, committed 6848K, reserved 425984K
}

